info it worked if it ends with ok
verbose cli [ 'node', '/usr/local/bin/npm', 'install', 'ejs_fulljslint' ]
info using npm@1.1.19
info using node@v0.6.16
verbose config file /home/mhannum/.npmrc
verbose config file /usr/local/etc/npmrc
verbose config file /usr/local/lib/node_modules/npm/npmrc
verbose caching /home/mhannum/mylunch/node_modules/formidable/package.json
verbose caching /home/mhannum/mylunch/node_modules/connect-form/package.json
verbose caching /home/mhannum/mylunch/node_modules/node-inspector/package.json
verbose caching /home/mhannum/mylunch/node_modules/jslint/package.json
verbose caching /home/mhannum/mylunch/node_modules/nodetime/package.json
verbose caching /home/mhannum/mylunch/node_modules/gm/package.json
verbose caching /home/mhannum/mylunch/node_modules/nodemailer/package.json
verbose caching /home/mhannum/mylunch/node_modules/multipart/package.json
verbose caching /home/mhannum/mylunch/node_modules/form/package.json
verbose caching /home/mhannum/mylunch/node_modules/ejs/package.json
verbose caching /home/mhannum/mylunch/node_modules/imagemagick/package.json
verbose caching /home/mhannum/mylunch/node_modules/connect/package.json
verbose caching /home/mhannum/mylunch/node_modules/mailer/package.json
verbose caching /home/mhannum/mylunch/node_modules/redis/package.json
verbose caching /home/mhannum/mylunch/node_modules/express/package.json
verbose caching /home/mhannum/mylunch/node_modules/jquery/package.json
verbose caching /home/mhannum/mylunch/node_modules/mongodb/package.json
verbose caching /home/mhannum/mylunch/node_modules/jade/package.json
verbose caching /home/mhannum/mylunch/node_modules/easyimage/package.json
verbose caching /home/mhannum/mylunch/node_modules/connect-redis/package.json
verbose has wscript [ undefined,
verbose has wscript   { file: '/home/mhannum/mylunch/node_modules/zlib/package.json',
verbose has wscript     gypfile: false,
verbose has wscript     contributors: false,
verbose has wscript     serverjs: false,
verbose has wscript     wscript: true } ]
verbose caching /home/mhannum/mylunch/node_modules/zlib/package.json
verbose cache add [ 'ejs_fulljslint', null ]
silly cache add: name, spec, args [ undefined, 'ejs_fulljslint', [ 'ejs_fulljslint', null ] ]
verbose parsed url { pathname: 'ejs_fulljslint',
verbose parsed url   path: 'ejs_fulljslint',
verbose parsed url   href: 'ejs_fulljslint' }
verbose addNamed [ 'ejs_fulljslint', '' ]
verbose addNamed [ null, '' ]
silly name, range, hasData [ 'ejs_fulljslint', '', false ]
verbose raw, before any munging ejs_fulljslint
verbose url resolving [ 'https://registry.npmjs.org/', './ejs_fulljslint' ]
verbose url resolved https://registry.npmjs.org/ejs_fulljslint
http GET https://registry.npmjs.org/ejs_fulljslint
http 404 https://registry.npmjs.org/ejs_fulljslint
silly get cb [ 404,
silly get cb   { server: 'CouchDB/1.2.0 (Erlang OTP/R15B)',
silly get cb     date: 'Thu, 13 Sep 2012 09:39:38 GMT',
silly get cb     'content-type': 'application/json',
silly get cb     'content-length': '52',
silly get cb     'cache-control': 'must-revalidate' } ]
ERR! 404 'ejs_fulljslint' is not in the npm registry.
ERR! 404 You should bug the author to publish it
ERR! 404 Note that you can also install from a
ERR! 404 tarball, folder, or http url, or git url.
ERR! 
ERR! System Linux 3.2.0-24-generic
ERR! command "node" "/usr/local/bin/npm" "install" "ejs_fulljslint"
ERR! cwd /home/mhannum/mylunch
ERR! node -v v0.6.16
ERR! npm -v 1.1.19
ERR! code E404
ERR! message 404 Not Found: ejs_fulljslint
ERR! errno {}
verbose exit [ 1, true ]
